<?xml version="1.0" encoding="UTF-8" ?>
<testsuite tests="7" failures="0" name="com.box.TestTT" time="9.139" errors="0" skipped="0">
  <properties>
[...]
</properties>
  <testcase classname="com.box.TestTT" name="greenBox" time="0.275"/>
  <testcase classname="com.box.TestTT" name="change" time="0.606"/>
  <testcase classname="com.box.TestTT" name="dragDrop" time="0.299"/>
  <testcase classname="com.box.TestTT" name="popup" time="0.081"/>
  <testcase classname="com.box.TestTT" name="form" time="7.248"/>
  <testcase classname="com.box.TestTT" name="token" time="0.396"/>
  <testcase classname="com.box.TestTT" name="addCookie" time="0.234"/>
</testsuite>