<?xml version="1.0" encoding="UTF-8"?>
<testng-results skipped="0" failed="0" ignored="0" total="7" passed="7">
  <reporter-output>
  </reporter-output>
  <suite name="com.box.TestTT" duration-ms="9167" started-at="2019-07-01T11:29:13Z" finished-at="2019-07-01T11:29:22Z">
    <groups>
    </groups>
    <test name="Command line test" duration-ms="9167" started-at="2019-07-01T11:29:13Z" finished-at="2019-07-01T11:29:22Z">
      <class name="com.box.TestTT">
        <test-method status="PASS" signature="setupSuite()[pri:0, instance:com.box.TestTT@1a407d53]" name="setupSuite" is-config="true" duration-ms="10101" started-at="2019-07-01T11:29:03Z" finished-at="2019-07-01T11:29:13Z">
          <reporter-output>
          </reporter-output>
        </test-method> <!-- setupSuite -->
        <test-method status="PASS" signature="greenBox()[pri:0, instance:com.box.TestTT@1a407d53]" name="greenBox" duration-ms="274" started-at="2019-07-01T11:29:13Z" finished-at="2019-07-01T11:29:13Z">
          <reporter-output>
          </reporter-output>
        </test-method> <!-- greenBox -->
        <test-method status="PASS" signature="change()[pri:0, instance:com.box.TestTT@1a407d53]" name="change" duration-ms="606" started-at="2019-07-01T11:29:13Z" depends-on-methods="com.box.TestTT.greenBox" finished-at="2019-07-01T11:29:14Z">
          <reporter-output>
          </reporter-output>
        </test-method> <!-- change -->
        <test-method status="PASS" signature="dragDrop()[pri:0, instance:com.box.TestTT@1a407d53]" name="dragDrop" duration-ms="300" started-at="2019-07-01T11:29:14Z" depends-on-methods="com.box.TestTT.change" finished-at="2019-07-01T11:29:14Z">
          <reporter-output>
          </reporter-output>
        </test-method> <!-- dragDrop -->
        <test-method status="PASS" signature="popup()[pri:0, instance:com.box.TestTT@1a407d53]" name="popup" duration-ms="82" started-at="2019-07-01T11:29:14Z" depends-on-methods="com.box.TestTT.dragDrop" finished-at="2019-07-01T11:29:14Z">
          <reporter-output>
          </reporter-output>
        </test-method> <!-- popup -->
        <test-method status="PASS" signature="form()[pri:0, instance:com.box.TestTT@1a407d53]" name="form" duration-ms="7248" started-at="2019-07-01T11:29:14Z" depends-on-methods="com.box.TestTT.popup" finished-at="2019-07-01T11:29:21Z">
          <reporter-output>
          </reporter-output>
        </test-method> <!-- form -->
        <test-method status="PASS" signature="token()[pri:0, instance:com.box.TestTT@1a407d53]" name="token" duration-ms="396" started-at="2019-07-01T11:29:21Z" depends-on-methods="com.box.TestTT.form" finished-at="2019-07-01T11:29:22Z">
          <reporter-output>
          </reporter-output>
        </test-method> <!-- token -->
        <test-method status="PASS" signature="addCookie()[pri:0, instance:com.box.TestTT@1a407d53]" name="addCookie" duration-ms="233" started-at="2019-07-01T11:29:22Z" depends-on-methods="com.box.TestTT.token" finished-at="2019-07-01T11:29:22Z">
          <reporter-output>
          </reporter-output>
        </test-method> <!-- addCookie -->
        <test-method status="PASS" signature="tearDown()[pri:0, instance:com.box.TestTT@1a407d53]" name="tearDown" is-config="true" duration-ms="690" started-at="2019-07-01T11:29:22Z" finished-at="2019-07-01T11:29:23Z">
          <reporter-output>
          </reporter-output>
        </test-method> <!-- tearDown -->
      </class> <!-- com.box.TestTT -->
    </test> <!-- Command line test -->
  </suite> <!-- com.box.TestTT -->
</testng-results>
