<?xml version="1.0" encoding="UTF-8"?>
<!-- Generated by org.testng.reporters.JUnitXMLReporter -->
<testsuite hostname="ASDP1756PO02529" ignored="0" name="Command line test" tests="7" failures="0" timestamp="01 Jul 2019 11:29:22 GMT" time="9.167" errors="0">
  <testcase name="greenBox" time="0.274" classname="com.box.TestTT"/>
  <testcase name="change" time="0.606" classname="com.box.TestTT"/>
  <testcase name="dragDrop" time="0.3" classname="com.box.TestTT"/>
  <testcase name="popup" time="0.082" classname="com.box.TestTT"/>
  <testcase name="form" time="7.248" classname="com.box.TestTT"/>
  <testcase name="token" time="0.396" classname="com.box.TestTT"/>
  <testcase name="addCookie" time="0.233" classname="com.box.TestTT"/>
</testsuite> <!-- Command line test -->
